<?xml version="1.0" encoding="UTF-8"?>
<!-- Generated by org.testng.reporters.JUnitXMLReporter -->
<testsuite ignored="0" hostname="Zaids-MacBook-Pro.local" failures="0" tests="14" name="Default test" time="184.032" errors="0" timestamp="2025-09-04T11:30:31 EEST">
  <testcase classname="QABootcam_MAVEN.OrangeHRM.QualificationsEducationTest" name="TC_EDU_001_verifyEducationButtonRedirect" time="4.59"/>
  <testcase classname="QABootcam_MAVEN.OrangeHRM.QualificationsEducationTest" name="TC_EDU_002_addNewEducation" time="1.406"/>
  <testcase classname="QABootcam_MAVEN.OrangeHRM.QualificationsEducationTest" name="TC_EDU_002_addNewEducation" time="2.241"/>
  <testcase classname="QABootcam_MAVEN.OrangeHRM.QualificationsEducationTest" name="TC_EDU_002_addNewEducation" time="1.446"/>
  <testcase classname="QABootcam_MAVEN.OrangeHRM.QualificationsEducationTest" name="TC_EDU_002_addNewEducation" time="1.031"/>
  <testcase classname="QABootcam_MAVEN.OrangeHRM.QualificationsEducationTest" name="TC_EDU_002_addNewEducation" time="0.881"/>
  <testcase classname="QABootcam_MAVEN.OrangeHRM.QualificationsEducationTest" name="TC_EDU_002_addNewEducation" time="0.313"/>
  <testcase classname="QABootcam_MAVEN.OrangeHRM.QualificationsEducationTest" name="TC_EDU_003_verifyEmptyLevelNotAccepted" time="8.809"/>
  <testcase classname="QABootcam_MAVEN.OrangeHRM.QualificationsEducationTest" name="TC_EDU_004_verifyCancelButtonWorks" time="6.66"/>
  <testcase classname="QABootcam_MAVEN.OrangeHRM.QualificationsEducationTest" name="TC_EDU_005_verifyDeleteEducation" time="10.362"/>
  <testcase classname="QABootcam_MAVEN.OrangeHRM.QualificationsEducationTest" name="TC_EDU_006_verifyDeleteMultipleEducation" time="11.286"/>
  <testcase classname="QABootcam_MAVEN.OrangeHRM.QualificationsEducationTest" name="TC_EDU_007_verifyEditEducation" time="14.61"/>
  <testcase classname="QABootcam_MAVEN.OrangeHRM.QualificationsEducationTest" name="TC_EDU_007_verifyEditEducation" time="13.324"/>
  <testcase classname="QABootcam_MAVEN.OrangeHRM.QualificationsEducationTest" name="TC_EDU_008_verifyCancelEditEducation" time="9.817"/>
</testsuite> <!-- Default test -->
